#
# A fatal error has been detected by the Java Runtime Environment:
#
#  EXCEPTION_ACCESS_VIOLATION (0xc0000005) at pc=0x000000005d79fc56, pid=5132, tid=6084
#
# JRE version: Java(TM) SE Runtime Environment (9.0+11) (build 9.0.1+11)
# Java VM: Java HotSpot(TM) 64-Bit Server VM (9.0.1+11, mixed mode, tiered, compressed oops, g1 gc, windows-amd64)
# Problematic frame:
# V  [jvm.dll+0x5ffc56]
#
# No core dump will be written. Minidumps are not enabled by default on client versions of Windows
#
# If you would like to submit a bug report, please visit:
#   http://bugreport.java.com/bugreport/crash.jsp
#

---------------  S U M M A R Y ------------

Command Line: -agentlib:jdwp=transport=dt_socket,suspend=y,address=localhost:55815 -ea -Dfile.encoding=UTF-8 org.eclipse.jdt.internal.junit.runner.RemoteTestRunner -version 3 -port 55814 -testLoaderClass org.eclipse.jdt.internal.junit4.runner.JUnit4TestLoader -loaderpluginname org.eclipse.jdt.junit4.runtime -classNames com.test.codility.binarygap.Solution

Host: Intel(R) Core(TM) i5-4200U CPU @ 1.60GHz, 4 cores, 7G,  Windows 10 , 64 bit Build 15063 (10.0.15063.296)
Time: Wed Nov 29 16:58:33 2017 Horário brasileiro de verão elapsed time: 77 seconds (0d 0h 1m 17s)

---------------  T H R E A D  ---------------

Current thread (0x000001aabb449800):  VMThread "VM Thread" [stack: 0x000000534ee00000,0x000000534ef00000] [id=6084]

Stack: [0x000000534ee00000,0x000000534ef00000],  sp=0x000000534eefe6d0,  free space=1017k
Native frames: (J=compiled Java code, j=interpreted, Vv=VM code, C=native code)
V  [jvm.dll+0x5ffc56]
V  [jvm.dll+0x2f3f83]
V  [jvm.dll+0x2f5f53]
V  [jvm.dll+0x2f654e]
V  [jvm.dll+0x2f3d05]
V  [jvm.dll+0x2f3173]
V  [jvm.dll+0x57845f]
V  [jvm.dll+0x57876c]
V  [jvm.dll+0x578613]
V  [jvm.dll+0x578e0c]
V  [jvm.dll+0x546f8a]
V  [jvm.dll+0x465261]
V  [jvm.dll+0x6a34eb]
V  [jvm.dll+0x6a1c85]
V  [jvm.dll+0x6a2461]
V  [jvm.dll+0x6a274c]
V  [jvm.dll+0x5864e0]
C  [msvcr120.dll+0x24f7f]
C  [msvcr120.dll+0x25126]
C  [KERNEL32.DLL+0x12774]
C  [ntdll.dll+0x70d51]


siginfo: EXCEPTION_ACCESS_VIOLATION (0xc0000005), reading address 0x0000000000000006


Register to memory mapping:

RIP=0x000000005d79fc56 jvm.dll
RAX=0x0000000000000000 is an unknown value
RBX=0x0000000000000000 is an unknown value
RCX=0x000000534eefe730 is an unknown value
RDX=0x0000000000000000 is an unknown value
RSP=0x000000534eefe6d0 is an unknown value
RBP=0x000000534eefec50 is an unknown value
RSI=0x0000000000000000 is an unknown value
RDI=0x000000534eefede0 is an unknown value
R8 =0x0000000000000000 is an unknown value
R9 =0x000001aabafe2b80 is pointing into metadata
R10={method} {0x000001aabafe3620} 'example1' '()V' in 'com/test/codility/binarygap/Solution'
R11=0x000000534eefeb90 is an unknown value
R12=0x000000534eeff001 is an unknown value
R13=0x0000000000000000 is an unknown value
R14=0x0000000000000000 is an unknown value
R15=0x0000000000000000 is an unknown value


Registers:
RAX=0x0000000000000000, RBX=0x0000000000000000, RCX=0x000000534eefe730, RDX=0x0000000000000000
RSP=0x000000534eefe6d0, RBP=0x000000534eefec50, RSI=0x0000000000000000, RDI=0x000000534eefede0
R8 =0x0000000000000000, R9 =0x000001aabafe2b80, R10=0x000001aabafe3618, R11=0x000000534eefeb90
R12=0x000000534eeff001, R13=0x0000000000000000, R14=0x0000000000000000, R15=0x0000000000000000
RIP=0x000000005d79fc56, EFLAGS=0x0000000000010202

Top of Stack: (sp=0x000000534eefe6d0)
0x000000534eefe6d0:   000000534eefe730 000000005d7a0116
0x000000534eefe6e0:   000001aabb3e57d8 00000000000003d8
0x000000534eefe6f0:   0000000000000000 000000005d493f83
0x000000534eefe700:   0000000000000000 000000534eefede0
0x000000534eefe710:   000000534eefe770 000000534eefed20
0x000000534eefe720:   000001aabb3e5538 0000000000000000
0x000000534eefe730:   000000005d93ba20 0000000000000000
0x000000534eefe740:   0000000000000000 000000530000000c
0x000000534eefe750:   000000534eefe760 0000000000000000
0x000000534eefe760:   00000000460001c4 000000005d79fe1c
0x000000534eefe770:   4fffffff4fffffff 000001aabb809920
0x000000534eefe780:   0000000000000003 000000000000000c
0x000000534eefe790:   000000534eefe7b0 0000000000000002
0x000000534eefe7a0:   00000000460002c7 000000534eefee80
0x000000534eefe7b0:   2fffffff4fffffff 000001aabb449800
0x000000534eefe7c0:   0000000000000000 000000005d79fa38 

Instructions: (pc=0x000000005d79fc56)
0x000000005d79fc36:   5f 00 fd fb 5f 00 cc cc cc cc 40 53 48 83 ec 20
0x000000005d79fc46:   48 8b 41 08 c7 41 10 00 00 00 00 48 89 7c 24 38
0x000000005d79fc56:   80 78 06 28 48 8b d9 74 22 41 b9 28 00 00 00 4c
0x000000005d79fc66:   8d 05 34 0d 1e 00 48 8d 0d 3d 0d 1e 00 41 8d 51 


VM_Operation (0x000000534f9ff5c0): GetOrSetLocal, mode: safepoint, requested by thread 0x000001aabb81b000


---------------  P R O C E S S  ---------------

Java Threads: ( => current thread )
  0x000001aabb9b5000 JavaThread "ReaderThread" [_thread_in_native, id=5252, stack(0x000000534fe00000,0x000000534ff00000)]
  0x000001aabb82f800 JavaThread "Service Thread" daemon [_thread_blocked, id=7540, stack(0x000000534fc00000,0x000000534fd00000)]
  0x000001aabb826800 JavaThread "JDWP Command Reader" daemon [_thread_in_native, id=4120, stack(0x000000534fb00000,0x000000534fc00000)]
  0x000001aabb81c800 JavaThread "JDWP Event Helper Thread" daemon [_thread_blocked, id=8848, stack(0x000000534fa00000,0x000000534fb00000)]
  0x000001aabb81b000 JavaThread "JDWP Transport Listener: dt_socket" daemon [_thread_blocked, id=2056, stack(0x000000534f900000,0x000000534fa00000)]
  0x000001aabb54e800 JavaThread "Common-Cleaner" daemon [_thread_blocked, id=9648, stack(0x000000534f700000,0x000000534f800000)]
  0x000001aabb52a800 JavaThread "Sweeper thread" daemon [_thread_blocked, id=8668, stack(0x000000534f600000,0x000000534f700000)]
  0x000001aabb505000 JavaThread "C1 CompilerThread2" daemon [_thread_blocked, id=9856, stack(0x000000534f500000,0x000000534f600000)]
  0x000001aabb4eb800 JavaThread "C2 CompilerThread1" daemon [_thread_blocked, id=9824, stack(0x000000534f400000,0x000000534f500000)]
  0x000001aabb4a5800 JavaThread "C2 CompilerThread0" daemon [_thread_blocked, id=10208, stack(0x000000534f300000,0x000000534f400000)]
  0x000001aabb4a4800 JavaThread "Attach Listener" daemon [_thread_blocked, id=7900, stack(0x000000534f200000,0x000000534f300000)]
  0x000001aabb4a3800 JavaThread "Signal Dispatcher" daemon [_thread_blocked, id=8180, stack(0x000000534f100000,0x000000534f200000)]
  0x000001aabb459000 JavaThread "Finalizer" daemon [_thread_blocked, id=1684, stack(0x000000534f000000,0x000000534f100000)]
  0x000001aabb44e000 JavaThread "Reference Handler" daemon [_thread_blocked, id=2724, stack(0x000000534ef00000,0x000000534f000000)]
  0x000001aa98144800 JavaThread "main" [_thread_blocked, id=9400, stack(0x000000534e200000,0x000000534e300000)]

Other Threads:
=>0x000001aabb449800 VMThread "VM Thread" [stack: 0x000000534ee00000,0x000000534ef00000] [id=6084]
  0x000001aabb836800 WatcherThread [stack: 0x000000534fd00000,0x000000534fe00000] [id=7380]
  0x000001aa9815d000 GCTaskThread "GC Thread#0" [stack: 0x000000534e300000,0x000000534e400000] [id=9836]
  0x000001aa9815e800 GCTaskThread "GC Thread#1" [stack: 0x000000534e400000,0x000000534e500000] [id=6660]
  0x000001aa98161000 GCTaskThread "GC Thread#2" [stack: 0x000000534e500000,0x000000534e600000] [id=9800]
  0x000001aa98162800 GCTaskThread "GC Thread#3" [stack: 0x000000534e600000,0x000000534e700000] [id=9100]
  0x000001aa981d6800 ConcurrentGCThread "G1 Main Marker" [stack: 0x000000534ec00000,0x000000534ed00000] [id=8436]
  0x000001aa981d8800 ConcurrentGCThread "G1 Marker#0" [stack: 0x000000534ed00000,0x000000534ee00000] [id=912]
  0x000001aa9816d800 ConcurrentGCThread "G1 Refine#0" [stack: 0x000000534ea00000,0x000000534eb00000] [id=6132]
  0x000001aa9816b800 ConcurrentGCThread "G1 Refine#1" [stack: 0x000000534e900000,0x000000534ea00000] [id=6828]
  0x000001aa98168000 ConcurrentGCThread "G1 Refine#2" [stack: 0x000000534e800000,0x000000534e900000] [id=9844]
  0x000001aa98164000 ConcurrentGCThread "G1 Refine#3" [stack: 0x000000534e700000,0x000000534e800000] [id=4636]
  0x000001aa9816f800 ConcurrentGCThread "G1 Young RemSet Sampling" [stack: 0x000000534eb00000,0x000000534ec00000] [id=5360]

Threads with active compile tasks:

VM state:at safepoint (normal execution)

VM Mutex/Monitor currently owned by a thread:  ([mutex/lock_event])
[0x000001aa98143810] Threads_lock - owner thread: 0x000001aabb449800

Heap address: 0x0000000081c00000, size: 2020 MB, Compressed Oops mode: 32-bit
Narrow klass base: 0x0000000000000000, Narrow klass shift: 3
Compressed class space size: 1073741824 Address: 0x0000000100000000

Heap:
 garbage-first heap   total 131072K, used 11264K [0x0000000081c00000, 0x0000000081d00400, 0x0000000100000000)
  region size 1024K, 12 young (12288K), 0 survivors (0K)
 Metaspace       used 9627K, capacity 9844K, committed 10112K, reserved 1058816K
  class space    used 977K, capacity 1029K, committed 1152K, reserved 1048576K
Heap Regions: E=young(eden), S=young(survivor), O=old, HS=humongous(starts), HC=humongous(continues), CS=collection set, F=free, A=archive, TS=gc time stamp, AC=allocation context, TAMS=top-at-mark-start (previous, next)
|   0|0x0000000081c00000, 0x0000000081c00000, 0x0000000081d00000|  0%| F|  |TS  0|AC  0|TAMS 0x0000000081c00000, 0x0000000081c00000|
|   1|0x0000000081d00000, 0x0000000081d00000, 0x0000000081e00000|  0%| F|  |TS  0|AC  0|TAMS 0x0000000081d00000, 0x0000000081d00000|
|   2|0x0000000081e00000, 0x0000000081e00000, 0x0000000081f00000|  0%| F|  |TS  0|AC  0|TAMS 0x0000000081e00000, 0x0000000081e00000|
|   3|0x0000000081f00000, 0x0000000081f00000, 0x0000000082000000|  0%| F|  |TS  0|AC  0|TAMS 0x0000000081f00000, 0x0000000081f00000|
|   4|0x0000000082000000, 0x0000000082000000, 0x0000000082100000|  0%| F|  |TS  0|AC  0|TAMS 0x0000000082000000, 0x0000000082000000|
|   5|0x0000000082100000, 0x0000000082100000, 0x0000000082200000|  0%| F|  |TS  0|AC  0|TAMS 0x0000000082100000, 0x0000000082100000|
|   6|0x0000000082200000, 0x0000000082200000, 0x0000000082300000|  0%| F|  |TS  0|AC  0|TAMS 0x0000000082200000, 0x0000000082200000|
|   7|0x0000000082300000, 0x0000000082300000, 0x0000000082400000|  0%| F|  |TS  0|AC  0|TAMS 0x0000000082300000, 0x0000000082300000|
|   8|0x0000000082400000, 0x0000000082400000, 0x0000000082500000|  0%| F|  |TS  0|AC  0|TAMS 0x0000000082400000, 0x0000000082400000|
|   9|0x0000000082500000, 0x0000000082500000, 0x0000000082600000|  0%| F|  |TS  0|AC  0|TAMS 0x0000000082500000, 0x0000000082500000|
|  10|0x0000000082600000, 0x0000000082600000, 0x0000000082700000|  0%| F|  |TS  0|AC  0|TAMS 0x0000000082600000, 0x0000000082600000|
|  11|0x0000000082700000, 0x0000000082700000, 0x0000000082800000|  0%| F|  |TS  0|AC  0|TAMS 0x0000000082700000, 0x0000000082700000|
|  12|0x0000000082800000, 0x0000000082800000, 0x0000000082900000|  0%| F|  |TS  0|AC  0|TAMS 0x0000000082800000, 0x0000000082800000|
|  13|0x0000000082900000, 0x0000000082900000, 0x0000000082a00000|  0%| F|  |TS  0|AC  0|TAMS 0x0000000082900000, 0x0000000082900000|
|  14|0x0000000082a00000, 0x0000000082a00000, 0x0000000082b00000|  0%| F|  |TS  0|AC  0|TAMS 0x0000000082a00000, 0x0000000082a00000|
|  15|0x0000000082b00000, 0x0000000082b00000, 0x0000000082c00000|  0%| F|  |TS  0|AC  0|TAMS 0x0000000082b00000, 0x0000000082b00000|
|  16|0x0000000082c00000, 0x0000000082c00000, 0x0000000082d00000|  0%| F|  |TS  0|AC  0|TAMS 0x0000000082c00000, 0x0000000082c00000|
|  17|0x0000000082d00000, 0x0000000082d00000, 0x0000000082e00000|  0%| F|  |TS  0|AC  0|TAMS 0x0000000082d00000, 0x0000000082d00000|
|  18|0x0000000082e00000, 0x0000000082e00000, 0x0000000082f00000|  0%| F|  |TS  0|AC  0|TAMS 0x0000000082e00000, 0x0000000082e00000|
|  19|0x0000000082f00000, 0x0000000082f00000, 0x0000000083000000|  0%| F|  |TS  0|AC  0|TAMS 0x0000000082f00000, 0x0000000082f00000|
|  20|0x0000000083000000, 0x0000000083000000, 0x0000000083100000|  0%| F|  |TS  0|AC  0|TAMS 0x0000000083000000, 0x0000000083000000|
|  21|0x0000000083100000, 0x0000000083100000, 0x0000000083200000|  0%| F|  |TS  0|AC  0|TAMS 0x0000000083100000, 0x0000000083100000|
|  22|0x0000000083200000, 0x0000000083200000, 0x0000000083300000|  0%| F|  |TS  0|AC  0|TAMS 0x0000000083200000, 0x0000000083200000|
|  23|0x0000000083300000, 0x0000000083300000, 0x0000000083400000|  0%| F|  |TS  0|AC  0|TAMS 0x0000000083300000, 0x0000000083300000|
|  24|0x0000000083400000, 0x0000000083400000, 0x0000000083500000|  0%| F|  |TS  0|AC  0|TAMS 0x0000000083400000, 0x0000000083400000|
|  25|0x0000000083500000, 0x0000000083500000, 0x0000000083600000|  0%| F|  |TS  0|AC  0|TAMS 0x0000000083500000, 0x0000000083500000|
|  26|0x0000000083600000, 0x0000000083600000, 0x0000000083700000|  0%| F|  |TS  0|AC  0|TAMS 0x0000000083600000, 0x0000000083600000|
|  27|0x0000000083700000, 0x0000000083700000, 0x0000000083800000|  0%| F|  |TS  0|AC  0|TAMS 0x0000000083700000, 0x0000000083700000|
|  28|0x0000000083800000, 0x0000000083800000, 0x0000000083900000|  0%| F|  |TS  0|AC  0|TAMS 0x0000000083800000, 0x0000000083800000|
|  29|0x0000000083900000, 0x0000000083900000, 0x0000000083a00000|  0%| F|  |TS  0|AC  0|TAMS 0x0000000083900000, 0x0000000083900000|
|  30|0x0000000083a00000, 0x0000000083a00000, 0x0000000083b00000|  0%| F|  |TS  0|AC  0|TAMS 0x0000000083a00000, 0x0000000083a00000|
|  31|0x0000000083b00000, 0x0000000083b00000, 0x0000000083c00000|  0%| F|  |TS  0|AC  0|TAMS 0x0000000083b00000, 0x0000000083b00000|
|  32|0x0000000083c00000, 0x0000000083c00000, 0x0000000083d00000|  0%| F|  |TS  0|AC  0|TAMS 0x0000000083c00000, 0x0000000083c00000|
|  33|0x0000000083d00000, 0x0000000083d00000, 0x0000000083e00000|  0%| F|  |TS  0|AC  0|TAMS 0x0000000083d00000, 0x0000000083d00000|
|  34|0x0000000083e00000, 0x0000000083e00000, 0x0000000083f00000|  0%| F|  |TS  0|AC  0|TAMS 0x0000000083e00000, 0x0000000083e00000|
|  35|0x0000000083f00000, 0x0000000083f00000, 0x0000000084000000|  0%| F|  |TS  0|AC  0|TAMS 0x0000000083f00000, 0x0000000083f00000|
|  36|0x0000000084000000, 0x0000000084000000, 0x0000000084100000|  0%| F|  |TS  0|AC  0|TAMS 0x0000000084000000, 0x0000000084000000|
|  37|0x0000000084100000, 0x0000000084100000, 0x0000000084200000|  0%| F|  |TS  0|AC  0|TAMS 0x0000000084100000, 0x0000000084100000|
|  38|0x0000000084200000, 0x0000000084200000, 0x0000000084300000|  0%| F|  |TS  0|AC  0|TAMS 0x0000000084200000, 0x0000000084200000|
|  39|0x0000000084300000, 0x0000000084300000, 0x0000000084400000|  0%| F|  |TS  0|AC  0|TAMS 0x0000000084300000, 0x0000000084300000|
|  40|0x0000000084400000, 0x0000000084400000, 0x0000000084500000|  0%| F|  |TS  0|AC  0|TAMS 0x0000000084400000, 0x0000000084400000|
|  41|0x0000000084500000, 0x0000000084500000, 0x0000000084600000|  0%| F|  |TS  0|AC  0|TAMS 0x0000000084500000, 0x0000000084500000|
|  42|0x0000000084600000, 0x0000000084600000, 0x0000000084700000|  0%| F|  |TS  0|AC  0|TAMS 0x0000000084600000, 0x0000000084600000|
|  43|0x0000000084700000, 0x0000000084700000, 0x0000000084800000|  0%| F|  |TS  0|AC  0|TAMS 0x0000000084700000, 0x0000000084700000|
|  44|0x0000000084800000, 0x0000000084800000, 0x0000000084900000|  0%| F|  |TS  0|AC  0|TAMS 0x0000000084800000, 0x0000000084800000|
|  45|0x0000000084900000, 0x0000000084900000, 0x0000000084a00000|  0%| F|  |TS  0|AC  0|TAMS 0x0000000084900000, 0x0000000084900000|
|  46|0x0000000084a00000, 0x0000000084a00000, 0x0000000084b00000|  0%| F|  |TS  0|AC  0|TAMS 0x0000000084a00000, 0x0000000084a00000|
|  47|0x0000000084b00000, 0x0000000084b00000, 0x0000000084c00000|  0%| F|  |TS  0|AC  0|TAMS 0x0000000084b00000, 0x0000000084b00000|
|  48|0x0000000084c00000, 0x0000000084c00000, 0x0000000084d00000|  0%| F|  |TS  0|AC  0|TAMS 0x0000000084c00000, 0x0000000084c00000|
|  49|0x0000000084d00000, 0x0000000084d00000, 0x0000000084e00000|  0%| F|  |TS  0|AC  0|TAMS 0x0000000084d00000, 0x0000000084d00000|
|  50|0x0000000084e00000, 0x0000000084e00000, 0x0000000084f00000|  0%| F|  |TS  0|AC  0|TAMS 0x0000000084e00000, 0x0000000084e00000|
|  51|0x0000000084f00000, 0x0000000084f00000, 0x0000000085000000|  0%| F|  |TS  0|AC  0|TAMS 0x0000000084f00000, 0x0000000084f00000|
|  52|0x0000000085000000, 0x0000000085000000, 0x0000000085100000|  0%| F|  |TS  0|AC  0|TAMS 0x0000000085000000, 0x0000000085000000|
|  53|0x0000000085100000, 0x0000000085100000, 0x0000000085200000|  0%| F|  |TS  0|AC  0|TAMS 0x0000000085100000, 0x0000000085100000|
|  54|0x0000000085200000, 0x0000000085200000, 0x0000000085300000|  0%| F|  |TS  0|AC  0|TAMS 0x0000000085200000, 0x0000000085200000|
|  55|0x0000000085300000, 0x0000000085300000, 0x0000000085400000|  0%| F|  |TS  0|AC  0|TAMS 0x0000000085300000, 0x0000000085300000|
|  56|0x0000000085400000, 0x0000000085400000, 0x0000000085500000|  0%| F|  |TS  0|AC  0|TAMS 0x0000000085400000, 0x0000000085400000|
|  57|0x0000000085500000, 0x0000000085500000, 0x0000000085600000|  0%| F|  |TS  0|AC  0|TAMS 0x0000000085500000, 0x0000000085500000|
|  58|0x0000000085600000, 0x0000000085600000, 0x0000000085700000|  0%| F|  |TS  0|AC  0|TAMS 0x0000000085600000, 0x0000000085600000|
|  59|0x0000000085700000, 0x0000000085700000, 0x0000000085800000|  0%| F|  |TS  0|AC  0|TAMS 0x0000000085700000, 0x0000000085700000|
|  60|0x0000000085800000, 0x0000000085800000, 0x0000000085900000|  0%| F|  |TS  0|AC  0|TAMS 0x0000000085800000, 0x0000000085800000|
|  61|0x0000000085900000, 0x0000000085900000, 0x0000000085a00000|  0%| F|  |TS  0|AC  0|TAMS 0x0000000085900000, 0x0000000085900000|
|  62|0x0000000085a00000, 0x0000000085a00000, 0x0000000085b00000|  0%| F|  |TS  0|AC  0|TAMS 0x0000000085a00000, 0x0000000085a00000|
|  63|0x0000000085b00000, 0x0000000085b00000, 0x0000000085c00000|  0%| F|  |TS  0|AC  0|TAMS 0x0000000085b00000, 0x0000000085b00000|
|  64|0x0000000085c00000, 0x0000000085c00000, 0x0000000085d00000|  0%| F|  |TS  0|AC  0|TAMS 0x0000000085c00000, 0x0000000085c00000|
|  65|0x0000000085d00000, 0x0000000085d00000, 0x0000000085e00000|  0%| F|  |TS  0|AC  0|TAMS 0x0000000085d00000, 0x0000000085d00000|
|  66|0x0000000085e00000, 0x0000000085e00000, 0x0000000085f00000|  0%| F|  |TS  0|AC  0|TAMS 0x0000000085e00000, 0x0000000085e00000|
|  67|0x0000000085f00000, 0x0000000085f00000, 0x0000000086000000|  0%| F|  |TS  0|AC  0|TAMS 0x0000000085f00000, 0x0000000085f00000|
|  68|0x0000000086000000, 0x0000000086000000, 0x0000000086100000|  0%| F|  |TS  0|AC  0|TAMS 0x0000000086000000, 0x0000000086000000|
|  69|0x0000000086100000, 0x0000000086100000, 0x0000000086200000|  0%| F|  |TS  0|AC  0|TAMS 0x0000000086100000, 0x0000000086100000|
|  70|0x0000000086200000, 0x0000000086200000, 0x0000000086300000|  0%| F|  |TS  0|AC  0|TAMS 0x0000000086200000, 0x0000000086200000|
|  71|0x0000000086300000, 0x0000000086300000, 0x0000000086400000|  0%| F|  |TS  0|AC  0|TAMS 0x0000000086300000, 0x0000000086300000|
|  72|0x0000000086400000, 0x0000000086400000, 0x0000000086500000|  0%| F|  |TS  0|AC  0|TAMS 0x0000000086400000, 0x0000000086400000|
|  73|0x0000000086500000, 0x0000000086500000, 0x0000000086600000|  0%| F|  |TS  0|AC  0|TAMS 0x0000000086500000, 0x0000000086500000|
|  74|0x0000000086600000, 0x0000000086600000, 0x0000000086700000|  0%| F|  |TS  0|AC  0|TAMS 0x0000000086600000, 0x0000000086600000|
|  75|0x0000000086700000, 0x0000000086700000, 0x0000000086800000|  0%| F|  |TS  0|AC  0|TAMS 0x0000000086700000, 0x0000000086700000|
|  76|0x0000000086800000, 0x0000000086800000, 0x0000000086900000|  0%| F|  |TS  0|AC  0|TAMS 0x0000000086800000, 0x0000000086800000|
|  77|0x0000000086900000, 0x0000000086900000, 0x0000000086a00000|  0%| F|  |TS  0|AC  0|TAMS 0x0000000086900000, 0x0000000086900000|
|  78|0x0000000086a00000, 0x0000000086a00000, 0x0000000086b00000|  0%| F|  |TS  0|AC  0|TAMS 0x0000000086a00000, 0x0000000086a00000|
|  79|0x0000000086b00000, 0x0000000086b00000, 0x0000000086c00000|  0%| F|  |TS  0|AC  0|TAMS 0x0000000086b00000, 0x0000000086b00000|
|  80|0x0000000086c00000, 0x0000000086c00000, 0x0000000086d00000|  0%| F|  |TS  0|AC  0|TAMS 0x0000000086c00000, 0x0000000086c00000|
|  81|0x0000000086d00000, 0x0000000086d00000, 0x0000000086e00000|  0%| F|  |TS  0|AC  0|TAMS 0x0000000086d00000, 0x0000000086d00000|
|  82|0x0000000086e00000, 0x0000000086e00000, 0x0000000086f00000|  0%| F|  |TS  0|AC  0|TAMS 0x0000000086e00000, 0x0000000086e00000|
|  83|0x0000000086f00000, 0x0000000086f00000, 0x0000000087000000|  0%| F|  |TS  0|AC  0|TAMS 0x0000000086f00000, 0x0000000086f00000|
|  84|0x0000000087000000, 0x0000000087000000, 0x0000000087100000|  0%| F|  |TS  0|AC  0|TAMS 0x0000000087000000, 0x0000000087000000|
|  85|0x0000000087100000, 0x0000000087100000, 0x0000000087200000|  0%| F|  |TS  0|AC  0|TAMS 0x0000000087100000, 0x0000000087100000|
|  86|0x0000000087200000, 0x0000000087200000, 0x0000000087300000|  0%| F|  |TS  0|AC  0|TAMS 0x0000000087200000, 0x0000000087200000|
|  87|0x0000000087300000, 0x0000000087300000, 0x0000000087400000|  0%| F|  |TS  0|AC  0|TAMS 0x0000000087300000, 0x0000000087300000|
|  88|0x0000000087400000, 0x0000000087400000, 0x0000000087500000|  0%| F|  |TS  0|AC  0|TAMS 0x0000000087400000, 0x0000000087400000|
|  89|0x0000000087500000, 0x0000000087500000, 0x0000000087600000|  0%| F|  |TS  0|AC  0|TAMS 0x0000000087500000, 0x0000000087500000|
|  90|0x0000000087600000, 0x0000000087600000, 0x0000000087700000|  0%| F|  |TS  0|AC  0|TAMS 0x0000000087600000, 0x0000000087600000|
|  91|0x0000000087700000, 0x0000000087700000, 0x0000000087800000|  0%| F|  |TS  0|AC  0|TAMS 0x0000000087700000, 0x0000000087700000|
|  92|0x0000000087800000, 0x0000000087800000, 0x0000000087900000|  0%| F|  |TS  0|AC  0|TAMS 0x0000000087800000, 0x0000000087800000|
|  93|0x0000000087900000, 0x0000000087900000, 0x0000000087a00000|  0%| F|  |TS  0|AC  0|TAMS 0x0000000087900000, 0x0000000087900000|
|  94|0x0000000087a00000, 0x0000000087a00000, 0x0000000087b00000|  0%| F|  |TS  0|AC  0|TAMS 0x0000000087a00000, 0x0000000087a00000|
|  95|0x0000000087b00000, 0x0000000087b00000, 0x0000000087c00000|  0%| F|  |TS  0|AC  0|TAMS 0x0000000087b00000, 0x0000000087b00000|
|  96|0x0000000087c00000, 0x0000000087c00000, 0x0000000087d00000|  0%| F|  |TS  0|AC  0|TAMS 0x0000000087c00000, 0x0000000087c00000|
|  97|0x0000000087d00000, 0x0000000087d00000, 0x0000000087e00000|  0%| F|  |TS  0|AC  0|TAMS 0x0000000087d00000, 0x0000000087d00000|
|  98|0x0000000087e00000, 0x0000000087e00000, 0x0000000087f00000|  0%| F|  |TS  0|AC  0|TAMS 0x0000000087e00000, 0x0000000087e00000|
|  99|0x0000000087f00000, 0x0000000087f00000, 0x0000000088000000|  0%| F|  |TS  0|AC  0|TAMS 0x0000000087f00000, 0x0000000087f00000|
| 100|0x0000000088000000, 0x0000000088000000, 0x0000000088100000|  0%| F|  |TS  0|AC  0|TAMS 0x0000000088000000, 0x0000000088000000|
| 101|0x0000000088100000, 0x0000000088100000, 0x0000000088200000|  0%| F|  |TS  0|AC  0|TAMS 0x0000000088100000, 0x0000000088100000|
| 102|0x0000000088200000, 0x0000000088200000, 0x0000000088300000|  0%| F|  |TS  0|AC  0|TAMS 0x0000000088200000, 0x0000000088200000|
| 103|0x0000000088300000, 0x0000000088300000, 0x0000000088400000|  0%| F|  |TS  0|AC  0|TAMS 0x0000000088300000, 0x0000000088300000|
| 104|0x0000000088400000, 0x0000000088400000, 0x0000000088500000|  0%| F|  |TS  0|AC  0|TAMS 0x0000000088400000, 0x0000000088400000|
| 105|0x0000000088500000, 0x0000000088500000, 0x0000000088600000|  0%| F|  |TS  0|AC  0|TAMS 0x0000000088500000, 0x0000000088500000|
| 106|0x0000000088600000, 0x0000000088600000, 0x0000000088700000|  0%| F|  |TS  0|AC  0|TAMS 0x0000000088600000, 0x0000000088600000|
| 107|0x0000000088700000, 0x0000000088700000, 0x0000000088800000|  0%| F|  |TS  0|AC  0|TAMS 0x0000000088700000, 0x0000000088700000|
| 108|0x0000000088800000, 0x0000000088800000, 0x0000000088900000|  0%| F|  |TS  0|AC  0|TAMS 0x0000000088800000, 0x0000000088800000|
| 109|0x0000000088900000, 0x0000000088900000, 0x0000000088a00000|  0%| F|  |TS  0|AC  0|TAMS 0x0000000088900000, 0x0000000088900000|
| 110|0x0000000088a00000, 0x0000000088a00000, 0x0000000088b00000|  0%| F|  |TS  0|AC  0|TAMS 0x0000000088a00000, 0x0000000088a00000|
| 111|0x0000000088b00000, 0x0000000088b00000, 0x0000000088c00000|  0%| F|  |TS  0|AC  0|TAMS 0x0000000088b00000, 0x0000000088b00000|
| 112|0x0000000088c00000, 0x0000000088c00000, 0x0000000088d00000|  0%| F|  |TS  0|AC  0|TAMS 0x0000000088c00000, 0x0000000088c00000|
| 113|0x0000000088d00000, 0x0000000088d00000, 0x0000000088e00000|  0%| F|  |TS  0|AC  0|TAMS 0x0000000088d00000, 0x0000000088d00000|
| 114|0x0000000088e00000, 0x0000000088e00000, 0x0000000088f00000|  0%| F|  |TS  0|AC  0|TAMS 0x0000000088e00000, 0x0000000088e00000|
| 115|0x0000000088f00000, 0x0000000088f00000, 0x0000000089000000|  0%| F|  |TS  0|AC  0|TAMS 0x0000000088f00000, 0x0000000088f00000|
| 116|0x0000000089000000, 0x0000000089048dc8, 0x0000000089100000| 28%| E|  |TS  0|AC  0|TAMS 0x0000000089000000, 0x0000000089000000|
| 117|0x0000000089100000, 0x0000000089200000, 0x0000000089200000|100%| E|CS|TS  0|AC  0|TAMS 0x0000000089100000, 0x0000000089100000|
| 118|0x0000000089200000, 0x0000000089300000, 0x0000000089300000|100%| E|CS|TS  0|AC  0|TAMS 0x0000000089200000, 0x0000000089200000|
| 119|0x0000000089300000, 0x0000000089400000, 0x0000000089400000|100%| E|CS|TS  0|AC  0|TAMS 0x0000000089300000, 0x0000000089300000|
| 120|0x0000000089400000, 0x0000000089500000, 0x0000000089500000|100%| E|CS|TS  0|AC  0|TAMS 0x0000000089400000, 0x0000000089400000|
| 121|0x0000000089500000, 0x0000000089600000, 0x0000000089600000|100%| E|CS|TS  0|AC  0|TAMS 0x0000000089500000, 0x0000000089500000|
| 122|0x0000000089600000, 0x0000000089700000, 0x0000000089700000|100%| E|CS|TS  0|AC  0|TAMS 0x0000000089600000, 0x0000000089600000|
| 123|0x0000000089700000, 0x0000000089800000, 0x0000000089800000|100%| E|CS|TS  0|AC  0|TAMS 0x0000000089700000, 0x0000000089700000|
| 124|0x0000000089800000, 0x0000000089900000, 0x0000000089900000|100%| E|CS|TS  0|AC  0|TAMS 0x0000000089800000, 0x0000000089800000|
| 125|0x0000000089900000, 0x0000000089a00000, 0x0000000089a00000|100%| E|CS|TS  0|AC  0|TAMS 0x0000000089900000, 0x0000000089900000|
| 126|0x0000000089a00000, 0x0000000089b00000, 0x0000000089b00000|100%| E|CS|TS  0|AC  0|TAMS 0x0000000089a00000, 0x0000000089a00000|
| 127|0x0000000089b00000, 0x0000000089c00000, 0x0000000089c00000|100%| E|CS|TS  0|AC  0|TAMS 0x0000000089b00000, 0x0000000089b00000|

Card table byte_map: [0x000001aab3e70000,0x000001aab4270000] byte_map_base: 0x000001aab3a62000

Marking Bits (Prev, Next): (CMBitMap*) 0x000001aa981d5800, (CMBitMap*) 0x000001aa981d5838
 Prev Bits: [0x000001aab4670000, 0x000001aab6600000)
 Next Bits: [0x000001aab6600000, 0x000001aab8590000)

Polling page: 0x000001aa980e0000

CodeHeap 'non-profiled nmethods': size=120064Kb used=246Kb max_used=246Kb free=119817Kb
 bounds [0x000001aaabb00000, 0x000001aaabd70000, 0x000001aab3040000]
CodeHeap 'profiled nmethods': size=120000Kb used=1147Kb max_used=1147Kb free=118852Kb
 bounds [0x000001aaa45d0000, 0x000001aaa4840000, 0x000001aaabb00000]
CodeHeap 'non-nmethods': size=5696Kb used=1201Kb max_used=1231Kb free=4494Kb
 bounds [0x000001aaa4040000, 0x000001aaa42b0000, 0x000001aaa45d0000]
 total_blobs=1167 nmethods=632 adapters=262
 compilation: enabled

Compilation events (10 events):
Event: 2.066 Thread 0x000001aabb505000  630       3       java.net.URL::toString (5 bytes)
Event: 2.067 Thread 0x000001aabb505000 nmethod 630 0x000001aaa46e9410 code [0x000001aaa46e95c0, 0x000001aaa46e98d0]
Event: 2.067 Thread 0x000001aabb4a5800 nmethod 623 0x000001aaabb3a290 code [0x000001aaabb3a480, 0x000001aaabb3b0c8]
Event: 2.067 Thread 0x000001aabb4a5800  629   !   4       jdk.internal.loader.URLClassPath$JarLoader::getResource (65 bytes)
Event: 2.072 Thread 0x000001aabb505000  631   !   3       jdk.internal.loader.BuiltinClassLoader::findClassOnClassPathOrNull (64 bytes)
Event: 2.073 Thread 0x000001aabb505000 nmethod 631 0x000001aaa46e9a10 code [0x000001aaa46e9c40, 0x000001aaa46ea280]
Event: 2.077 Thread 0x000001aabb505000  632   !   3       java.util.concurrent.ConcurrentHashMap::computeIfAbsent (576 bytes)
Event: 2.085 Thread 0x000001aabb4eb800 nmethod 626 0x000001aaabb3b790 code [0x000001aaabb3b9a0, 0x000001aaabb3c750]
Event: 2.086 Thread 0x000001aabb4a5800 nmethod 629 0x000001aaabb3cf90 code [0x000001aaabb3d180, 0x000001aaabb3d550]
Event: 2.086 Thread 0x000001aabb505000 nmethod 632 0x000001aaa46ea510 code [0x000001aaa46ea980, 0x000001aaa46eda50]

GC Heap History (0 events):
No events

Deoptimization events (5 events):
Event: 0.828 Thread 0x000001aa98144800 Uncommon trap: reason=unstable_if action=reinterpret pc=0x000001aaabb061e8 method=java.lang.StringLatin1.indexOf([BII)I @ 23 c2
Event: 0.848 Thread 0x000001aa98144800 Uncommon trap: reason=range_check action=reinterpret pc=0x000001aaabb04d10 method=java.lang.StringLatin1.indexOf([BII)I @ 13 c2
Event: 0.985 Thread 0x000001aa98144800 Uncommon trap: reason=unstable_if action=reinterpret pc=0x000001aaabb032fc method=java.lang.String.charAt(I)C @ 4 c2
Event: 1.237 Thread 0x000001aa98144800 Uncommon trap: reason=unstable_if action=reinterpret pc=0x000001aaabb06680 method=java.net.URI.match(CJJ)Z @ 45 c2
Event: 1.802 Thread 0x000001aa98144800 Uncommon trap: reason=unstable_if action=reinterpret pc=0x000001aaabb2162c method=java.lang.StringLatin1.indexOf([BI[BII)I @ 80 c2

Classes redefined (2 events):
Event: 33.454 Thread 0x000001aabb449800 redefined class name=com.test.codility.binarygap.Solution, count=1
Event: 76.766 Thread 0x000001aabb449800 redefined class name=com.test.codility.binarygap.Solution, count=2

Internal exceptions (6 events):
Event: 1.529 Thread 0x000001aa98144800 Exception <a 'java/lang/NoSuchMethodError'{0x00000000896bec90}: java.lang.invoke.DirectMethodHandle$Holder.invokeInterface(Ljava/lang/Object;Ljava/lang/Object;Ljava/lang/Object;)I> (0x00000000896bec90) thrown at [t:/workspace/hotspot/src/share/vm/interpre
Event: 1.553 Thread 0x000001aa98144800 Exception <a 'java/lang/NoSuchMethodError'{0x00000000896cadf8}: java.lang.invoke.DirectMethodHandle$Holder.invokeStatic(Ljava/lang/Object;Ljava/lang/Object;)I> (0x00000000896cadf8) thrown at [t:/workspace/hotspot/src/share/vm/interpreter/linkResolver.cpp,
Event: 1.568 Thread 0x000001aa98144800 Exception <a 'java/lang/NoSuchMethodError'{0x00000000896d8128}: java.lang.Object.of([Ljava/lang/Object;)Ljava/util/stream/Stream;> (0x00000000896d8128) thrown at [t:/workspace/hotspot/src/share/vm/interpreter/linkResolver.cpp, line 731]
Event: 1.747 Thread 0x000001aa98144800 Exception <a 'java/lang/NoSuchMethodError'{0x00000000895cca68}: java.lang.Object.lambda$negate$3(I)Z> (0x00000000895cca68) thrown at [t:/workspace/hotspot/src/share/vm/interpreter/linkResolver.cpp, line 731]
Event: 1.749 Thread 0x000001aa98144800 Exception <a 'java/lang/NoSuchMethodError'{0x00000000895d02e8}: java.lang.Object.lambda$union$3(Ljava/util/regex/Pattern$CharPredicate;I)Z> (0x00000000895d02e8) thrown at [t:/workspace/hotspot/src/share/vm/interpreter/linkResolver.cpp, line 731]
Event: 1.765 Thread 0x000001aa98144800 Exception <a 'java/lang/NoSuchMethodError'{0x0000000089411440}: java.lang.Object.lambda$union$2(Ljava/util/regex/Pattern$CharPredicate;I)Z> (0x0000000089411440) thrown at [t:/workspace/hotspot/src/share/vm/interpreter/linkResolver.cpp, line 731]

Events (10 events):
Event: 76.795 Executing VM operation: GetFrameLocation done
Event: 76.869 Executing VM operation: GetFrameCount
Event: 76.870 Executing VM operation: GetFrameCount done
Event: 76.870 Executing VM operation: GetOwnedMonitorInfo
Event: 76.870 Executing VM operation: GetOwnedMonitorInfo done
Event: 76.870 Executing VM operation: GetCurrentContendedMonitor
Event: 76.871 Executing VM operation: GetCurrentContendedMonitor done
Event: 76.884 Executing VM operation: GetFrameLocation
Event: 76.884 Executing VM operation: GetFrameLocation done
Event: 76.884 Executing VM operation: GetOrSetLocal


Dynamic libraries:
0x00007ff659ae0000 - 0x00007ff659b1e000 	C:\Program Files\Java\jdk-9.0.1\bin\javaw.exe
0x00007ffc08ea0000 - 0x00007ffc0907b000 	C:\WINDOWS\SYSTEM32\ntdll.dll
0x00007ffc07480000 - 0x00007ffc0752e000 	C:\WINDOWS\System32\KERNEL32.DLL
0x00007ffc05490000 - 0x00007ffc056d9000 	C:\WINDOWS\System32\KERNELBASE.dll
0x00007ffc07030000 - 0x00007ffc070d1000 	C:\WINDOWS\System32\ADVAPI32.dll
0x00007ffc07530000 - 0x00007ffc075cd000 	C:\WINDOWS\System32\msvcrt.dll
0x00007ffc064b0000 - 0x00007ffc06509000 	C:\WINDOWS\System32\sechost.dll
0x00007ffc06520000 - 0x00007ffc06645000 	C:\WINDOWS\System32\RPCRT4.dll
0x00007ffc06ee0000 - 0x00007ffc0702a000 	C:\WINDOWS\System32\USER32.dll
0x00007ffc05470000 - 0x00007ffc0548e000 	C:\WINDOWS\System32\win32u.dll
0x00007ffc073e0000 - 0x00007ffc07407000 	C:\WINDOWS\System32\GDI32.dll
0x00007ffc060a0000 - 0x00007ffc06227000 	C:\WINDOWS\System32\gdi32full.dll
0x00007ffc06000000 - 0x00007ffc0609a000 	C:\WINDOWS\System32\msvcp_win.dll
0x00007ffc056e0000 - 0x00007ffc057d6000 	C:\WINDOWS\System32\ucrtbase.dll
0x00007ffbf9fd0000 - 0x00007ffbfa237000 	C:\WINDOWS\WinSxS\amd64_microsoft.windows.common-controls_6595b64144ccf1df_6.0.15063.483_none_26002d27e7c744a2\COMCTL32.dll
0x00007ffc08ba0000 - 0x00007ffc08e99000 	C:\WINDOWS\System32\combase.dll
0x00007ffc05840000 - 0x00007ffc058aa000 	C:\WINDOWS\System32\bcryptPrimitives.dll
0x00007ffbf4580000 - 0x00007ffbf458a000 	C:\WINDOWS\SYSTEM32\VERSION.dll
0x00007ffc075e0000 - 0x00007ffc0760d000 	C:\WINDOWS\System32\IMM32.DLL
0x00007ffbd9d00000 - 0x00007ffbd9def000 	C:\Program Files\Java\jdk-9.0.1\bin\msvcr120.dll
0x00007ffbd9c50000 - 0x00007ffbd9cf6000 	C:\Program Files\Java\jdk-9.0.1\bin\msvcp120.dll
0x000000005d1a0000 - 0x000000005dbc4000 	C:\Program Files\Java\jdk-9.0.1\bin\server\jvm.dll
0x00007ffc06510000 - 0x00007ffc06518000 	C:\WINDOWS\System32\PSAPI.DLL
0x00007ffc022b0000 - 0x00007ffc022b9000 	C:\WINDOWS\SYSTEM32\WSOCK32.dll
0x00007ffc07610000 - 0x00007ffc0767c000 	C:\WINDOWS\System32\WS2_32.dll
0x00007ffc034d0000 - 0x00007ffc034f3000 	C:\WINDOWS\SYSTEM32\WINMM.dll
0x00007ffc034a0000 - 0x00007ffc034cb000 	C:\WINDOWS\SYSTEM32\WINMMBASE.dll
0x00007ffc058b0000 - 0x00007ffc058f9000 	C:\WINDOWS\System32\cfgmgr32.dll
0x00007ffbfe120000 - 0x00007ffbfe12f000 	C:\Program Files\Java\jdk-9.0.1\bin\verify.dll
0x00007ffbfaed0000 - 0x00007ffbfaef7000 	C:\Program Files\Java\jdk-9.0.1\bin\java.dll
0x00007ffbf1190000 - 0x00007ffbf11c6000 	C:\Program Files\Java\jdk-9.0.1\bin\jdwp.dll
0x00007ffbf97f0000 - 0x00007ffbf9806000 	C:\Program Files\Java\jdk-9.0.1\bin\zip.dll
0x00007ffbfe110000 - 0x00007ffbfe11a000 	C:\Program Files\Java\jdk-9.0.1\bin\jimage.dll
0x00007ffc07760000 - 0x00007ffc08b97000 	C:\WINDOWS\System32\SHELL32.dll
0x00007ffc06400000 - 0x00007ffc064aa000 	C:\WINDOWS\System32\shcore.dll
0x00007ffc05900000 - 0x00007ffc05ff1000 	C:\WINDOWS\System32\windows.storage.dll
0x00007ffc067f0000 - 0x00007ffc06841000 	C:\WINDOWS\System32\shlwapi.dll
0x00007ffc053a0000 - 0x00007ffc053b1000 	C:\WINDOWS\System32\kernel.appcore.dll
0x00007ffc05330000 - 0x00007ffc0537c000 	C:\WINDOWS\System32\powrprof.dll
0x00007ffc05310000 - 0x00007ffc05325000 	C:\WINDOWS\System32\profapi.dll
0x00007ffbf7ab0000 - 0x00007ffbf7aca000 	C:\Program Files\Java\jdk-9.0.1\bin\net.dll
0x00007ffbf6550000 - 0x00007ffbf6626000 	C:\WINDOWS\SYSTEM32\WINHTTP.dll
0x00007ffc04bc0000 - 0x00007ffc04c1c000 	C:\WINDOWS\system32\mswsock.dll
0x00007ffbf3eb0000 - 0x00007ffbf3ec1000 	C:\Program Files\Java\jdk-9.0.1\bin\nio.dll
0x00007ffbfbf70000 - 0x00007ffbfbf7a000 	C:\Program Files\Java\jdk-9.0.1\bin\dt_socket.dll
0x00007ffc049a0000 - 0x00007ffc04a44000 	C:\WINDOWS\SYSTEM32\DNSAPI.dll
0x00007ffc075d0000 - 0x00007ffc075d8000 	C:\WINDOWS\System32\NSI.dll
0x00007ffc04960000 - 0x00007ffc04997000 	C:\WINDOWS\SYSTEM32\IPHLPAPI.DLL
0x00007ffbfb510000 - 0x00007ffbfb57b000 	C:\WINDOWS\System32\fwpuclnt.dll
0x00007ffc04ed0000 - 0x00007ffc04ef5000 	C:\WINDOWS\SYSTEM32\bcrypt.dll
0x00007ffbf5350000 - 0x00007ffbf535a000 	C:\Windows\System32\rasadhlp.dll
0x00007ffbf5de0000 - 0x00007ffbf5f89000 	C:\WINDOWS\SYSTEM32\dbghelp.dll

VM Arguments:
jvm_args: -agentlib:jdwp=transport=dt_socket,suspend=y,address=localhost:55815 -ea -Dfile.encoding=UTF-8 
java_command: org.eclipse.jdt.internal.junit.runner.RemoteTestRunner -version 3 -port 55814 -testLoaderClass org.eclipse.jdt.internal.junit4.runner.JUnit4TestLoader -loaderpluginname org.eclipse.jdt.junit4.runtime -classNames com.test.codility.binarygap.Solution
java_class_path (initial): D:\workspace\Codility\target\test-classes;D:\workspace\Codility\target\classes;C:\Users\alini\.m2\repository\org\springframework\boot\spring-boot-starter\1.5.9.RELEASE\spring-boot-starter-1.5.9.RELEASE.jar;C:\Users\alini\.m2\repository\org\springframework\boot\spring-boot\1.5.9.RELEASE\spring-boot-1.5.9.RELEASE.jar;C:\Users\alini\.m2\repository\org\springframework\spring-context\4.3.13.RELEASE\spring-context-4.3.13.RELEASE.jar;C:\Users\alini\.m2\repository\org\springframework\spring-aop\4.3.13.RELEASE\spring-aop-4.3.13.RELEASE.jar;C:\Users\alini\.m2\repository\org\springframework\spring-beans\4.3.13.RELEASE\spring-beans-4.3.13.RELEASE.jar;C:\Users\alini\.m2\repository\org\springframework\spring-expression\4.3.13.RELEASE\spring-expression-4.3.13.RELEASE.jar;C:\Users\alini\.m2\repository\org\springframework\boot\spring-boot-autoconfigure\1.5.9.RELEASE\spring-boot-autoconfigure-1.5.9.RELEASE.jar;C:\Users\alini\.m2\repository\org\springframework\boot\spring-boot-starter-logging\1.5.9.RELEASE\spring-boot-starter-logging-1.5.9.RELEASE.jar;C:\Users\alini\.m2\repository\ch\qos\logback\logback-classic\1.1.11\logback-classic-1.1.11.jar;C:\Users\alini\.m2\repository\ch\qos\logback\logback-core\1.1.11\logback-core-1.1.11.jar;C:\Users\alini\.m2\repository\org\slf4j\jcl-over-slf4j\1.7.25\jcl-over-slf4j-1.7.25.jar;C:\Users\alini\.m2\repository\org\slf4j\jul-to-slf4j\1.7.25\jul-to-slf4j-1.7.25.jar;C:\Users\alini\.m2\repository\org\slf4j\log4j-over-slf4j\1.7.25\log4j-over-slf4j-1.7.25.jar;C:\Users\alini\.m2\repository\org\springframework\spring-core\4.3.13.RELEASE\spring-core-4.3.13.RELEASE.jar;C:\Users\alini\.m2\repository\org\yaml\snakeyaml\1.17\snakeyaml-1.17.jar;C:\Users\alini\.m2\repository\org\projectlombok\lombok\1.16.18\lombok-1.16.18.jar;C:\Users\alini\.m2\repository\org\springframework\boot\spring-boot-starter-test\1.5.9.RELEASE\spring-boot-starter-test-1.5.9.RELEASE.jar;C:\Users\alini\.m2\repository\org\springframework\boot\spring-boot-test\1.
Launcher Type: SUN_STANDARD

Logging:
Log output configuration:
#0: stdout all=warning uptime,level,tags
#1: stderr all=off uptime,level,tags

Environment Variables:
PATH=C:\ProgramData\Oracle\Java\javapath;C:\WINDOWS\system32;C:\WINDOWS;C:\WINDOWS\System32\Wbem;C:\WINDOWS\System32\WindowsPowerShell\v1.0\;C:\Program Files\nodejs\;C:\Users\alini\AppData\Local\Microsoft\WindowsApps;C:\Users\alini\AppData\Roaming\npm
USERNAME=alini
OS=Windows_NT
PROCESSOR_IDENTIFIER=Intel64 Family 6 Model 69 Stepping 1, GenuineIntel



---------------  S Y S T E M  ---------------

OS: Windows 10 , 64 bit Build 15063 (10.0.15063.296)

CPU:total 4 (initial active 4) (2 cores per cpu, 2 threads per core) family 6 model 69 stepping 1, cmov, cx8, fxsr, mmx, sse, sse2, sse3, ssse3, sse4.1, sse4.2, popcnt, avx, avx2, aes, clmul, erms, lzcnt, ht, tsc, tscinvbit, bmi1, bmi2, fma

Memory: 4k page, physical 8266008k(2958752k free), swap 9576728k(2547272k free)

vm_info: Java HotSpot(TM) 64-Bit Server VM (9.0.1+11) for windows-amd64 JRE (9.0.1+11), built on Sep 28 2017 04:54:03 by "mach5one" with MS VC++ 12.0 (VS2013)

END.
